<?xml version="1.0" encoding="UTF-8"?>
<!-- Generated by org.testng.reporters.JUnitReportReporter -->
<testsuite skipped="0" hostname="DESKTOP-GTA5A2K" name="com.inetbanking.TestCases.TC_LoginTest_001" tests="1" failures="0" timestamp="02 Apr 2020 06:15:26 GMT" time="2.165" errors="0">
  <testcase name="LoginTest" time="2.165" classname="com.inetbanking.TestCases.TC_LoginTest_001"/>
</testsuite> <!-- com.inetbanking.TestCases.TC_LoginTest_001 -->
